[2026-04-09 18:44:27,215] INFO in __init__: Smart Attendance System started.
[2026-04-09 18:44:49,007] INFO in __init__: Smart Attendance System started.
[2026-04-09 18:45:00,912] INFO in __init__: Smart Attendance System started.
[2026-04-09 19:02:57,097] INFO in __init__: Smart Attendance System started.
[2026-04-09 19:03:17,872] INFO in __init__: Smart Attendance System started.
[2026-04-09 19:05:19,576] INFO in __init__: Smart Attendance System started.
[2026-04-09 19:05:35,044] INFO in __init__: Smart Attendance System started.
[2026-04-09 19:05:37,128] INFO in __init__: Smart Attendance System started.
[2026-04-09 19:40:05,840] INFO in __init__: Smart Attendance System started.
[2026-04-09 19:40:15,932] INFO in __init__: Smart Attendance System started.
[2026-04-09 19:41:39,946] INFO in __init__: Smart Attendance System started.
[2026-04-09 19:41:41,993] INFO in __init__: Smart Attendance System started.
[2026-04-09 19:47:12,799] WARNING in anti_spoof: Anti-spoof: Predictor not found at /Users/manishsingh/Desktop/Major Project/app/face_module/../../data/shape_predictor_68_face_landmarks.dat. Blink detection DISABLED. Download shape_predictor_68_face_landmarks.dat
[2026-04-09 19:47:12,800] INFO in recognizer: Loaded 0 known face(s)
[2026-04-09 19:47:12,864] ERROR in camera: Cannot open camera 0
[2026-04-09 19:47:28,806] WARNING in anti_spoof: Anti-spoof: Predictor not found at /Users/manishsingh/Desktop/Major Project/app/face_module/../../data/shape_predictor_68_face_landmarks.dat. Blink detection DISABLED. Download shape_predictor_68_face_landmarks.dat
[2026-04-09 19:47:28,808] INFO in recognizer: Loaded 0 known face(s)
[2026-04-09 19:47:30,741] INFO in camera: Camera 0 opened
[2026-04-09 19:47:30,741] INFO in teacher: Session started: CS201-2026-04-09_14-17
[2026-04-09 19:48:02,819] INFO in camera: Camera released
[2026-04-10 15:17:42,224] INFO in __init__: Smart Attendance System started.
[2026-04-10 15:17:52,878] INFO in __init__: Smart Attendance System started.
[2026-04-10 15:17:55,021] INFO in __init__: Smart Attendance System started.
[2026-04-13 14:45:50,228] INFO in __init__: Smart Attendance System started.
[2026-04-13 14:45:52,865] INFO in __init__: Smart Attendance System started.
[2026-04-30 23:22:28,958] INFO in __init__: Smart Attendance System started.
[2026-04-30 23:22:31,053] INFO in __init__: Smart Attendance System started.
[2026-04-30 23:23:09,912] INFO in __init__: Smart Attendance System started.
[2026-04-30 23:23:11,906] INFO in __init__: Smart Attendance System started.
[2026-04-30 23:28:51,768] WARNING in anti_spoof: Anti-spoof: Predictor not found at /Users/manishsingh/Desktop/Major Project/app/face_module/../../data/shape_predictor_68_face_landmarks.dat. Blink detection DISABLED. Download shape_predictor_68_face_landmarks.dat
[2026-04-30 23:28:51,770] INFO in recognizer: Loaded 0 known face(s)
[2026-04-30 23:28:51,859] ERROR in camera: Cannot open camera 0
[2026-04-30 23:29:07,041] WARNING in anti_spoof: Anti-spoof: Predictor not found at /Users/manishsingh/Desktop/Major Project/app/face_module/../../data/shape_predictor_68_face_landmarks.dat. Blink detection DISABLED. Download shape_predictor_68_face_landmarks.dat
[2026-04-30 23:29:07,043] INFO in recognizer: Loaded 0 known face(s)
[2026-04-30 23:29:08,672] INFO in camera: Camera 0 opened
[2026-04-30 23:29:08,673] INFO in teacher: Session started: CS301-2026-04-30_17-59
[2026-04-30 23:30:52,025] INFO in camera: Camera released
